<?xml version="1.0" encoding="UTF-8"?>
<testng-results skipped="0" failed="0" total="1" passed="1">
  <reporter-output>
  </reporter-output>
  <suite name="Suite" duration-ms="19774" started-at="2019-09-15T14:07:43Z" finished-at="2019-09-15T14:08:03Z">
    <groups>
    </groups>
    <test name="Test" duration-ms="19774" started-at="2019-09-15T14:07:43Z" finished-at="2019-09-15T14:08:03Z">
      <class name="com.edureka.maven.LoginPage">
        <test-method status="PASS" signature="testSetUp()[pri:0, instance:com.edureka.maven.LoginPage@7823a2f9]" name="testSetUp" is-config="true" duration-ms="9757" started-at="2019-09-15T19:37:43Z" finished-at="2019-09-15T19:37:53Z">
          <reporter-output>
          </reporter-output>
        </test-method> <!-- testSetUp -->
        <test-method status="PASS" signature="verifyGooglePageTittle()[pri:0, instance:com.edureka.maven.LoginPage@7823a2f9]" name="verifyGooglePageTittle" duration-ms="8758" started-at="2019-09-15T19:37:53Z" finished-at="2019-09-15T19:38:02Z">
          <reporter-output>
          </reporter-output>
        </test-method> <!-- verifyGooglePageTittle -->
        <test-method status="PASS" signature="tearDown()[pri:0, instance:com.edureka.maven.LoginPage@7823a2f9]" name="tearDown" is-config="true" duration-ms="1239" started-at="2019-09-15T19:38:02Z" finished-at="2019-09-15T19:38:03Z">
          <reporter-output>
          </reporter-output>
        </test-method> <!-- tearDown -->
      </class> <!-- com.edureka.maven.LoginPage -->
    </test> <!-- Test -->
  </suite> <!-- Suite -->
</testng-results>
